<?xml version="1.0" encoding="UTF-8"?>
<!-- Generated by org.testng.reporters.JUnitReportReporter -->
<testsuite hostname="PL2INPUN2766NB" failures="0" tests="3" name="com.demo.DataProvider.DataProviderMethods" time="0.007" errors="0" timestamp="2024-08-26T23:12:25 IST" skipped="0">
  <testcase classname="com.demo.DataProvider.DataProviderMethods" name="dataProviderTest" time="0.001"/>
  <system-out/>
  <testcase classname="com.demo.DataProvider.DataProviderMethods" name="dataProviderTest" time="0.005"/>
  <system-out/>
  <testcase classname="com.demo.DataProvider.DataProviderMethods" name="dataProviderTest" time="0.001"/>
  <system-out/>
</testsuite> <!-- com.demo.DataProvider.DataProviderMethods -->
