<?xml version="1.0" encoding="UTF-8"?>
<!-- Generated by org.testng.reporters.JUnitReportReporter -->
<testsuite hostname="PL2INPUN2766NB" failures="0" tests="3" name="com.Demo.test.LoginPage" time="16.402" errors="0" timestamp="2024-09-22T22:16:07 IST" skipped="0">
  <testcase classname="com.Demo.test.LoginPage" name="GetUserCredential" time="3.775"/>
  <testcase classname="com.Demo.test.LoginPage" name="GetUserCredential" time="3.485"/>
  <testcase classname="com.Demo.test.LoginPage" name="GetUserCredential" time="9.142"/>
</testsuite> <!-- com.Demo.test.LoginPage -->
