<?xml version="1.0" encoding="UTF-8"?>
<!-- Generated by org.testng.reporters.JUnitReportReporter -->
<testsuite hostname="PL2INPUN2766NB" failures="0" tests="1" name="com.Demo.test.ReadAndExtract_Zip" time="0.059" errors="0" timestamp="2024-09-26T20:18:13 IST" skipped="0">
  <testcase classname="com.Demo.test.ReadAndExtract_Zip" name="extractZip" time="0.059"/>
</testsuite> <!-- com.Demo.test.ReadAndExtract_Zip -->
