<?xml version="1.0" encoding="UTF-8"?>
<!-- Generated by org.testng.reporters.JUnitReportReporter -->
<testsuite hostname="PL2INPUN2766NB" failures="0" tests="4" name="com.Demo.test.LoginPage" time="0.001" errors="1" timestamp="2024-09-28T20:37:50 IST" skipped="3">
  <testcase classname="com.Demo.test.LoginPage" name="SetUp" time="0.001">
    <error message="Cannot invoke &quot;String.contains(java.lang.CharSequence)&quot; because &quot;browser&quot; is null" type="java.lang.NullPointerException">
      <![CDATA[java.lang.NullPointerException: Cannot invoke "String.contains(java.lang.CharSequence)" because "browser" is null
at Driver.Driver.initDriver(Driver.java:35)
at com.Demo.test.BaseTest.SetUp(BaseTest.java:23)
at java.base/jdk.internal.reflect.NativeMethodAccessorImpl.invoke0(Native Method)
at java.base/jdk.internal.reflect.NativeMethodAccessorImpl.invoke(NativeMethodAccessorImpl.java:77)
at java.base/jdk.internal.reflect.DelegatingMethodAccessorImpl.invoke(DelegatingMethodAccessorImpl.java:43)
at java.base/java.lang.reflect.Method.invoke(Method.java:568)
at org.testng.internal.invokers.MethodInvocationHelper.invokeMethod(MethodInvocationHelper.java:139)
at org.testng.internal.invokers.MethodInvocationHelper.invokeMethodConsideringTimeout(MethodInvocationHelper.java:69)
at org.testng.internal.invokers.ConfigInvoker.invokeConfigurationMethod(ConfigInvoker.java:390)
at org.testng.internal.invokers.ConfigInvoker.invokeConfigurations(ConfigInvoker.java:325)
at org.testng.internal.invokers.TestInvoker.runConfigMethods(TestInvoker.java:810)
at org.testng.internal.invokers.TestInvoker.invokeMethod(TestInvoker.java:577)
at org.testng.internal.invokers.TestInvoker.invokeTestMethod(TestInvoker.java:227)
at org.testng.internal.invokers.MethodRunner.runInSequence(MethodRunner.java:50)
at org.testng.internal.invokers.TestInvoker$MethodInvocationAgent.invoke(TestInvoker.java:957)
at org.testng.internal.invokers.TestInvoker.invokeTestMethods(TestInvoker.java:200)
at org.testng.internal.invokers.TestMethodWorker.invokeTestMethods(TestMethodWorker.java:148)
at org.testng.internal.invokers.TestMethodWorker.run(TestMethodWorker.java:128)
at java.base/java.util.concurrent.ThreadPoolExecutor.runWorker(ThreadPoolExecutor.java:1136)
at java.base/java.util.concurrent.ThreadPoolExecutor$Worker.run(ThreadPoolExecutor.java:635)
at java.base/java.lang.Thread.run(Thread.java:840)
]]>
    </error>
  </testcase> <!-- SetUp -->
  <testcase classname="com.Demo.test.LoginPage" name="GetUserCredential" time="0.000">
    <skipped/>
  </testcase> <!-- GetUserCredential -->
  <testcase classname="com.Demo.test.LoginPage" name="GetUserCredential" time="0.000">
    <skipped/>
  </testcase> <!-- GetUserCredential -->
  <testcase classname="com.Demo.test.LoginPage" name="GetUserCredential" time="0.000">
    <skipped/>
  </testcase> <!-- GetUserCredential -->
</testsuite> <!-- com.Demo.test.LoginPage -->
