<?xml version="1.0" encoding="UTF-8"?>
<!-- Generated by org.testng.reporters.JUnitReportReporter -->
<testsuite hostname="PL2INPUN2766NB" failures="0" tests="1" name="com.Demo.test.LoginPage3" time="6.349" errors="0" timestamp="2024-09-21T19:54:42 IST" skipped="0">
  <testcase classname="com.Demo.test.LoginPage3" name="GetUserCredential" time="6.349"/>
</testsuite> <!-- com.Demo.test.LoginPage3 -->
