<?xml version="1.0" encoding="UTF-8"?>
<!-- Generated by org.testng.reporters.JUnitReportReporter -->
<testsuite hostname="PL2INPUN2766NB" failures="0" tests="1" name="com.Demo.test.LoginPage2" time="7.281" errors="0" timestamp="2024-09-21T19:58:30 IST" skipped="0">
  <testcase classname="com.Demo.test.LoginPage2" name="GetUserCredential" time="7.281"/>
  <system-out/>
</testsuite> <!-- com.Demo.test.LoginPage2 -->
