<?xml version="1.0" encoding="UTF-8"?>
<!-- Generated by org.testng.reporters.JUnitReportReporter -->
<testsuite hostname="PL2INPUN2766NB" failures="0" tests="3" name="com.Demo.test.LoginPage" time="16.670" errors="0" timestamp="2024-09-28T20:53:59 IST" skipped="0">
  <testcase classname="com.Demo.test.LoginPage" name="GetUserCredential" time="4.778"/>
  <system-out/>
  <testcase classname="com.Demo.test.LoginPage" name="GetUserCredential" time="3.262"/>
  <system-out/>
  <testcase classname="com.Demo.test.LoginPage" name="GetUserCredential" time="8.630"/>
  <system-out/>
</testsuite> <!-- com.Demo.test.LoginPage -->
