<?xml version="1.0" encoding="UTF-8"?>
<!-- Generated by org.testng.reporters.JUnitReportReporter -->
<testsuite hostname="PL2INPUN2766NB" failures="0" tests="3" name="com.Demo.test.LoginPage" time="25.530" errors="0" timestamp="2024-09-26T19:05:03 IST" skipped="0">
  <testcase classname="com.Demo.test.LoginPage" name="GetUserCredential" time="9.196"/>
  <system-out/>
  <testcase classname="com.Demo.test.LoginPage" name="GetUserCredential" time="7.870"/>
  <system-out/>
  <testcase classname="com.Demo.test.LoginPage" name="GetUserCredential" time="8.464"/>
  <system-out/>
</testsuite> <!-- com.Demo.test.LoginPage -->
