<?xml version="1.0" encoding="UTF-8"?>
<!-- Generated by org.testng.reporters.JUnitReportReporter -->
<testsuite hostname="PL2INPUN2766NB" failures="0" tests="3" name="com.Demo.test.LoginPage" time="21.668" errors="0" timestamp="2024-09-28T20:46:32 IST" skipped="0">
  <testcase classname="com.Demo.test.LoginPage" name="GetUserCredential" time="6.255"/>
  <system-out/>
  <testcase classname="com.Demo.test.LoginPage" name="GetUserCredential" time="10.309"/>
  <system-out/>
  <testcase classname="com.Demo.test.LoginPage" name="GetUserCredential" time="5.104"/>
  <system-out/>
</testsuite> <!-- com.Demo.test.LoginPage -->
